  ModulePlayer.cpp
C:\Users\allen\Documents\GitHub\MyEngine\MyEngine\Collider.h(112,22): warning C4305: 'inicializando': truncamiento de 'double' a 'float'
C:\Users\allen\Documents\GitHub\MyEngine\MyEngine\Collider.h(113,37): warning C4305: 'inicializando': truncamiento de 'double' a 'float'
C:\Users\allen\Documents\GitHub\MyEngine\MyEngine\Animation.h(52,19): warning C4244: 'inicializando': conversión de 'const float' a 'int'; posible pérdida de datos
C:\Users\allen\Documents\GitHub\MyEngine\MyEngine\Animation.h(54,30): warning C4244: '=': conversión de 'float' a 'int'; posible pérdida de datos
C:\Users\allen\Documents\GitHub\MyEngine\MyEngine\ModulePlayer.cpp(24,42): warning C4244: 'argumento': conversión de 'TYPE' a 'int'; posible pérdida de datos
          with
          [
              TYPE=float
          ]
C:\Users\allen\Documents\GitHub\MyEngine\MyEngine\ModulePlayer.cpp(24,30): warning C4244: 'argumento': conversión de 'TYPE' a 'int'; posible pérdida de datos
          with
          [
              TYPE=float
          ]
C:\Users\allen\Documents\GitHub\MyEngine\MyEngine\ModulePlayer.cpp(173,36): warning C4244: '=': conversión de 'int' a 'TYPE'; posible pérdida de datos
          with
          [
              TYPE=float
          ]
C:\Users\allen\Documents\GitHub\MyEngine\MyEngine\ModulePlayer.cpp(174,36): warning C4244: '=': conversión de 'int' a 'TYPE'; posible pérdida de datos
          with
          [
              TYPE=float
          ]
C:\Users\allen\Documents\GitHub\MyEngine\MyEngine\ModulePlayer.cpp(179,82): warning C4244: 'argumento': conversión de 'TYPE' a 'int'; posible pérdida de datos
          with
          [
              TYPE=float
          ]
C:\Users\allen\Documents\GitHub\MyEngine\MyEngine\ModulePlayer.cpp(179,72): warning C4244: 'argumento': conversión de 'TYPE' a 'int'; posible pérdida de datos
          with
          [
              TYPE=float
          ]
C:\Users\allen\Documents\GitHub\MyEngine\MyEngine\ModulePlayer.cpp(179,62): warning C4244: 'argumento': conversión de 'TYPE' a 'int'; posible pérdida de datos
          with
          [
              TYPE=float
          ]
C:\Users\allen\Documents\GitHub\MyEngine\MyEngine\ModulePlayer.cpp(179,42): warning C4244: 'argumento': conversión de 'TYPE' a 'int'; posible pérdida de datos
          with
          [
              TYPE=float
          ]
C:\Users\allen\Documents\GitHub\MyEngine\MyEngine\ModulePlayer.cpp(187,36): warning C4244: '=': conversión de 'int' a 'TYPE'; posible pérdida de datos
          with
          [
              TYPE=float
          ]
C:\Users\allen\Documents\GitHub\MyEngine\MyEngine\ModulePlayer.cpp(188,36): warning C4244: '=': conversión de 'int' a 'TYPE'; posible pérdida de datos
          with
          [
              TYPE=float
          ]
C:\Users\allen\Documents\GitHub\MyEngine\MyEngine\ModulePlayer.cpp(193,15): warning C4244: 'inicializando': conversión de 'double' a 'float'; posible pérdida de datos
C:\Users\allen\Documents\GitHub\MyEngine\MyEngine\ModulePlayer.cpp(195,14): warning C4244: '=': conversión de 'double' a 'float'; posible pérdida de datos
C:\Users\allen\Documents\GitHub\MyEngine\MyEngine\ModulePlayer.cpp(254,36): warning C4244: '=': conversión de 'int' a 'TYPE'; posible pérdida de datos
          with
          [
              TYPE=float
          ]
C:\Users\allen\Documents\GitHub\MyEngine\MyEngine\ModulePlayer.cpp(255,36): warning C4244: '=': conversión de 'int' a 'TYPE'; posible pérdida de datos
          with
          [
              TYPE=float
          ]
C:\Users\allen\Documents\GitHub\MyEngine\MyEngine\ModulePlayer.cpp(261,24): warning C4244: 'inicializando': conversión de 'double' a 'float'; posible pérdida de datos
C:\Users\allen\Documents\GitHub\MyEngine\MyEngine\ModulePlayer.cpp(279,36): warning C4244: '=': conversión de 'int' a 'TYPE'; posible pérdida de datos
          with
          [
              TYPE=float
          ]
C:\Users\allen\Documents\GitHub\MyEngine\MyEngine\ModulePlayer.cpp(280,36): warning C4244: '=': conversión de 'int' a 'TYPE'; posible pérdida de datos
          with
          [
              TYPE=float
          ]
C:\Users\allen\Documents\GitHub\MyEngine\MyEngine\ModulePlayer.cpp(286,24): warning C4244: 'inicializando': conversión de 'double' a 'float'; posible pérdida de datos
C:\Users\allen\Documents\GitHub\MyEngine\MyEngine\ModulePlayer.cpp(303,36): warning C4244: '=': conversión de 'int' a 'TYPE'; posible pérdida de datos
          with
          [
              TYPE=float
          ]
C:\Users\allen\Documents\GitHub\MyEngine\MyEngine\ModulePlayer.cpp(304,36): warning C4244: '=': conversión de 'int' a 'TYPE'; posible pérdida de datos
          with
          [
              TYPE=float
          ]
C:\Users\allen\Documents\GitHub\MyEngine\MyEngine\ModulePlayer.cpp(310,24): warning C4244: 'inicializando': conversión de 'double' a 'float'; posible pérdida de datos
C:\Users\allen\Documents\GitHub\MyEngine\MyEngine\ModulePlayer.cpp(325,42): warning C4244: 'argumento': conversión de 'TYPE' a 'int'; posible pérdida de datos
          with
          [
              TYPE=float
          ]
C:\Users\allen\Documents\GitHub\MyEngine\MyEngine\ModulePlayer.cpp(325,30): warning C4244: 'argumento': conversión de 'TYPE' a 'int'; posible pérdida de datos
          with
          [
              TYPE=float
          ]
C:\Users\allen\Documents\GitHub\MyEngine\MyEngine\ModulePlayer.cpp(338,96): warning C4244: 'argumento': conversión de 'TYPE' a 'int'; posible pérdida de datos
          with
          [
              TYPE=float
          ]
C:\Users\allen\Documents\GitHub\MyEngine\MyEngine\ModulePlayer.cpp(338,59): warning C4244: 'argumento': conversión de 'TYPE' a 'int'; posible pérdida de datos
          with
          [
              TYPE=float
          ]
C:\Users\allen\Documents\GitHub\MyEngine\MyEngine\ModulePlayer.cpp(342,96): warning C4244: 'argumento': conversión de 'TYPE' a 'int'; posible pérdida de datos
          with
          [
              TYPE=float
          ]
C:\Users\allen\Documents\GitHub\MyEngine\MyEngine\ModulePlayer.cpp(342,59): warning C4244: 'argumento': conversión de 'TYPE' a 'int'; posible pérdida de datos
          with
          [
              TYPE=float
          ]
C:\Users\allen\Documents\GitHub\MyEngine\MyEngine\ModulePlayer.cpp(346,96): warning C4244: 'argumento': conversión de 'TYPE' a 'int'; posible pérdida de datos
          with
          [
              TYPE=float
          ]
C:\Users\allen\Documents\GitHub\MyEngine\MyEngine\ModulePlayer.cpp(346,59): warning C4244: 'argumento': conversión de 'TYPE' a 'int'; posible pérdida de datos
          with
          [
              TYPE=float
          ]
  SDL Game.vcxproj -> C:\Users\allen\Documents\GitHub\MyEngine\MyEngine\Debug\Physics 2 Class 1 Handout.exe
